Arguments: 
  /data/data/com.termux/files/usr/bin/node /data/data/com.termux/files/usr/share/yarn/bin/yarn.js

PATH: 
  /data/data/com.termux/files/usr/bin

Yarn version: 
  1.22.19

Node version: 
  18.7.0

Platform: 
  android arm64

Trace: 
  Error: EPERM: operation not permitted, symlink '../../../../pino/bin.js' -> '/storage/emulated/0/Rifbot/node_modules/@adiwajshing/baileys/node_modules/.bin/pino'

npm manifest: 
  {
    "name": "ARIFXYZ",
    "version": "0.0.1",
    "description": "Simple whatsapp bot with multi device.",
    "main": "main.js",
    "scripts": {
      "test": "echo \"Error: no test specified\" && exit 1",
      "start": "node main.js"
    },
    "author": "Arif Gemink",
    "license": "ISC",
    "dependencies": {
      "@adiwajshing/baileys": "^4.3.0",
      "@adiwajshing/keyed-db": "^0.2.4",
      "awesome-phonenumber": "^2.69.0",
      "axios": "^0.27.2",
      "caliph-api": "^0.9.4",
      "cfonts": "^2.10.0",
      "colors": "^1.4.0",  
      "chalk": "^4.1.2",
      "cheerio": "^1.0.0-rc.12",
      "figlet": "^1.5.2",
      "fluent-ffmpeg": "^2.1.2",
      "clui": "^0.3.6",
      "javascript-obfuscator": "^4.0.0",
      "jimp": "^0.16.1",
      "hikki-me": "^2.0.0",
      "moment": "^2.29.1",
      "moment-timezone": "^0.5.34",
      "node-fetch": "2.6.1",
      "node-webpmux": "^3.1.1",
      "querystring": "^0.2.1",
      "qrcode-terminal": "^0.12.0",
      "request": "^2.88.2"
    }
  }

yarn manifest: 
  No manifest

Lockfile: 
  No lockfile
